<?xml version="1.0" encoding="UTF-8"?>
<testsuite xmlns:xsi="http://www.w3.org/2001/XMLSchema-instance" xsi:noNamespaceSchemaLocation="https://maven.apache.org/surefire/maven-surefire-plugin/xsd/surefire-test-report.xsd" version="3.0.2" name="com.telusko.GreeetingsAPP.GreeetingsAppApplicationTests" time="1.99" tests="1" errors="0" skipped="0" failures="0">
  <properties>
[...]
</properties>
  <testcase name="contextLoads" classname="com.telusko.GreeetingsAPP.GreeetingsAppApplicationTests" time="0.679">
    <system-out><![CDATA[07:27:36.677 [main] INFO org.springframework.test.context.support.AnnotationConfigContextLoaderUtils -- Could not detect default configuration classes for test class [com.telusko.GreeetingsAPP.GreeetingsAppApplicationTests]: GreeetingsAppApplicationTests does not declare any static, non-private, non-final, nested classes annotated with @Configuration.
07:27:36.786 [main] INFO org.springframework.boot.test.context.SpringBootTestContextBootstrapper -- Found @SpringBootConfiguration com.telusko.GreeetingsAPP.GreeetingsAppApplication for test class com.telusko.GreeetingsAPP.GreeetingsAppApplicationTests

  .   ____          _            __ _ _
 /\\ / ___'_ __ _ _(_)_ __  __ _ \ \ \ \
( ( )\___ | '_ | '_| | '_ \/ _` | \ \ \ \
 \\/  ___)| |_)| | | | | || (_| |  ) ) ) )
  '  |____| .__|_| |_|_| |_\__, | / / / /
 =========|_|==============|___/=/_/_/_/

 :: Spring Boot ::                (v3.5.7)

2025-11-04T07:27:37.259+05:30  INFO 33184 --- [GreeetingsAPP] [           main] c.t.G.GreeetingsAppApplicationTests      : Starting GreeetingsAppApplicationTests using Java 21.0.8 with PID 33184 (started by haide in D:\JavaSB\GreeetingsAPP\GreeetingsAPP)
2025-11-04T07:27:37.260+05:30  INFO 33184 --- [GreeetingsAPP] [           main] c.t.G.GreeetingsAppApplicationTests      : No active profile set, falling back to 1 default profile: "default"
Time config bean created
Greeting Service bean created
2025-11-04T07:27:37.829+05:30  INFO 33184 --- [GreeetingsAPP] [           main] c.t.G.GreeetingsAppApplicationTests      : Started GreeetingsAppApplicationTests in 0.879 seconds (process running for 1.83)
]]></system-out>
    <system-err><![CDATA[Mockito is currently self-attaching to enable the inline-mock-maker. This will no longer work in future releases of the JDK. Please add Mockito as an agent to your build as described in Mockito's documentation: https://javadoc.io/doc/org.mockito/mockito-core/latest/org.mockito/org/mockito/Mockito.html#0.3
WARNING: A Java agent has been loaded dynamically (C:\Users\haide\.m2\repository\net\bytebuddy\byte-buddy-agent\1.17.8\byte-buddy-agent-1.17.8.jar)
WARNING: If a serviceability tool is in use, please run with -XX:+EnableDynamicAgentLoading to hide this warning
WARNING: If a serviceability tool is not in use, please run with -Djdk.instrument.traceUsage for more information
WARNING: Dynamic loading of agents will be disallowed by default in a future release
]]></system-err>
  </testcase>
</testsuite>